\BOOKMARK [1][-]{section.1}{\376\377\000S\000e\000q\000u\000e\000n\000c\000e\000s\000\040\000o\000f\000\040\000c\000o\000n\000c\000e\000r\000n\000\040\000u\000s\000e\000d\000\040\000i\000n\000\040\000e\000v\000a\000l\000u\000a\000t\000i\000o\000n}{}% 1
\BOOKMARK [1][-]{section.2}{\376\377\000T\000a\000s\000k\000\040\000p\000r\000o\000m\000p\000t\000s}{}% 2
\BOOKMARK [2][-]{subsection.2.1}{\376\377\000V\000e\000r\000i\000f\000i\000c\000a\000t\000i\000o\000n\000\040\000c\000h\000e\000c\000k\000s\000\040\000\050\000T\000a\000s\000k\000s\000\040\0001\040\023\0004\000\051}{section.2}% 3
\BOOKMARK [2][-]{subsection.2.2}{\376\377\000R\000e\000l\000e\000v\000a\000n\000t\000\040\000w\000o\000r\000k\000\040\000s\000e\000a\000r\000c\000h\000\040\000\050\000T\000a\000s\000k\000\040\0005\000\051}{section.2}% 4
\BOOKMARK [1][-]{section.3}{\376\377\000E\000v\000a\000l\000u\000a\000t\000i\000o\000n\000\040\000p\000r\000o\000m\000p\000t\000s}{}% 5
\BOOKMARK [2][-]{subsection.3.1}{\376\377\000S\000e\000c\000t\000i\000o\000n\000\040\000e\000x\000t\000r\000a\000c\000t\000i\000o\000n}{section.3}% 6
\BOOKMARK [3][-]{subsubsection.3.1.1}{\376\377\000E\000v\000i\000d\000e\000n\000c\000e\000\040\000t\000a\000b\000l\000e\000\040\000e\000x\000t\000r\000a\000c\000t\000i\000o\000n}{subsection.3.1}% 7
\BOOKMARK [3][-]{subsubsection.3.1.2}{\376\377\000B\000a\000c\000k\000g\000r\000o\000u\000n\000d\000\040\000w\000o\000r\000k\000\040\000e\000x\000t\000r\000a\000c\000t\000i\000o\000n}{subsection.3.1}% 8
\BOOKMARK [2][-]{subsection.3.2}{\376\377\000S\000o\000u\000r\000c\000e\000\040\000f\000i\000d\000e\000l\000i\000t\000y}{section.3}% 9
\BOOKMARK [2][-]{subsection.3.3}{\376\377\000S\000o\000u\000r\000c\000e\000\040\000q\000u\000a\000l\000i\000t\000y}{section.3}% 10
\BOOKMARK [2][-]{subsection.3.4}{\376\377\000W\000o\000r\000k\000\040\000r\000e\000l\000e\000v\000a\000n\000c\000e}{section.3}% 11
\BOOKMARK [2][-]{subsection.3.5}{\376\377\000C\000r\000i\000t\000e\000r\000i\000a\000\040\000c\000o\000n\000f\000i\000g\000u\000r\000a\000t\000i\000o\000n\000s}{section.3}% 12
\BOOKMARK [1][-]{section.4}{\376\377\000A\000d\000v\000e\000r\000s\000a\000r\000i\000a\000l\000\040\000c\000a\000s\000e\000\040\000s\000t\000u\000d\000y\000:\000\040\000f\000a\000b\000r\000i\000c\000a\000t\000e\000d\000\040\000r\000e\000s\000e\000a\000r\000c\000h\000e\000r\000\040\000p\000r\000o\000f\000i\000l\000e}{}% 13
\BOOKMARK [1][-]{section.5}{\376\377\000O\000r\000d\000e\000r\000\040\000f\000u\000l\000f\000i\000l\000l\000m\000e\000n\000t\000\040\000d\000e\000c\000i\000s\000i\000o\000n\000\040\000s\000t\000a\000t\000i\000s\000t\000i\000c\000s}{}% 14
\BOOKMARK [2][-]{subsection.5.1}{\376\377\000D\000a\000t\000a\000\040\000c\000o\000l\000l\000e\000c\000t\000i\000o\000n}{section.5}% 15
\BOOKMARK [2][-]{subsection.5.2}{\376\377\000R\000e\000s\000u\000l\000t\000s}{section.5}% 16
\BOOKMARK [1][-]{section.6}{\376\377\000S\000u\000p\000p\000l\000e\000m\000e\000n\000t\000a\000r\000y\000\040\000f\000i\000g\000u\000r\000e\000s\000\040\000a\000n\000d\000\040\000a\000n\000a\000l\000y\000s\000e\000s}{}% 17
\BOOKMARK [2][-]{subsection.6.1}{\376\377\000D\000e\000t\000a\000i\000l\000e\000d\000\040\000m\000o\000d\000e\000l\000\040\000p\000e\000r\000f\000o\000r\000m\000a\000n\000c\000e}{section.6}% 18
\BOOKMARK [3][-]{subsubsection.6.1.1}{\376\377\000O\000v\000e\000r\000a\000l\000l\000\040\000p\000a\000s\000s\000\040\000r\000a\000t\000e\000s}{subsection.6.1}% 19
\BOOKMARK [3][-]{subsubsection.6.1.2}{\376\377\000P\000a\000s\000s\000\040\000r\000a\000t\000e\000\040\000b\000r\000e\000a\000k\000d\000o\000w\000n\000s}{subsection.6.1}% 20
\BOOKMARK [3][-]{subsubsection.6.1.3}{\376\377\000P\000e\000r\000-\000c\000u\000s\000t\000o\000m\000e\000r\000\040\000p\000e\000r\000f\000o\000r\000m\000a\000n\000c\000e}{subsection.6.1}% 21
\BOOKMARK [3][-]{subsubsection.6.1.4}{\376\377\000S\000t\000a\000t\000i\000s\000t\000i\000c\000a\000l\000\040\000c\000o\000m\000p\000a\000r\000i\000s\000o\000n\000s}{subsection.6.1}% 22
\BOOKMARK [2][-]{subsection.6.2}{\376\377\000F\000u\000l\000l\000\040\000d\000a\000t\000a\000s\000e\000t\000\040\000v\000a\000l\000i\000d\000a\000t\000i\000o\000n}{section.6}% 23
\BOOKMARK [3][-]{subsubsection.6.2.1}{\376\377\000F\000u\000l\000l\000\040\000d\000a\000t\000a\000s\000e\000t\000\040\000r\000e\000p\000l\000i\000c\000a\000t\000i\000o\000n\000s}{subsection.6.2}% 24
\BOOKMARK [2][-]{subsection.6.3}{\376\377\000F\000l\000a\000g\000\040\000a\000c\000c\000u\000r\000a\000c\000y\000\040\000d\000e\000e\000p\000\040\000d\000i\000v\000e}{section.6}% 25
\BOOKMARK [3][-]{subsubsection.6.3.1}{\376\377\000M\000o\000d\000e\000l\000\040\000p\000r\000e\000d\000i\000c\000t\000i\000o\000n\000s}{subsection.6.3}% 26
\BOOKMARK [3][-]{subsubsection.6.3.2}{\376\377\000E\000r\000r\000o\000r\000\040\000a\000n\000a\000l\000y\000s\000i\000s}{subsection.6.3}% 27
\BOOKMARK [2][-]{subsection.6.4}{\376\377\000C\000o\000s\000t\000\040\000a\000n\000d\000\040\000l\000a\000t\000e\000n\000c\000y\000\040\000a\000n\000a\000l\000y\000s\000i\000s}{section.6}% 28
\BOOKMARK [3][-]{subsubsection.6.4.1}{\376\377\000C\000o\000s\000t\000\040\000d\000e\000c\000o\000m\000p\000o\000s\000i\000t\000i\000o\000n}{subsection.6.4}% 29
\BOOKMARK [3][-]{subsubsection.6.4.2}{\376\377\000T\000i\000m\000e\000\040\000a\000n\000d\000\040\000l\000a\000t\000e\000n\000c\000y}{subsection.6.4}% 30
\BOOKMARK [3][-]{subsubsection.6.4.3}{\376\377\000T\000o\000k\000e\000n\000\040\000a\000n\000d\000\040\000r\000e\000s\000p\000o\000n\000s\000e\000\040\000c\000h\000a\000r\000a\000c\000t\000e\000r\000i\000s\000t\000i\000c\000s}{subsection.6.4}% 31
\BOOKMARK [2][-]{subsection.6.5}{\376\377\000S\000o\000u\000r\000c\000e\000\040\000a\000n\000d\000\040\000t\000o\000o\000l\000\040\000u\000s\000a\000g\000e}{section.6}% 32
\BOOKMARK [3][-]{subsubsection.6.5.1}{\376\377\000S\000o\000u\000r\000c\000e\000\040\000c\000o\000m\000p\000o\000s\000i\000t\000i\000o\000n}{subsection.6.5}% 33
\BOOKMARK [3][-]{subsubsection.6.5.2}{\376\377\000T\000o\000o\000l\000\040\000c\000o\000n\000f\000i\000g\000u\000r\000a\000t\000i\000o\000n\000\040\000e\000f\000f\000e\000c\000t\000s}{subsection.6.5}% 34
